2020-04-25 12:08:10.984 [main] INFO  o.s.b.t.context.SpringBootTestContextBootstrapper - Neither @ContextConfiguration nor @ContextHierarchy found for test class [com.djhu.service.IQueryDataServiceTest], using SpringBootContextLoader
2020-04-25 12:08:11.006 [main] INFO  o.s.test.context.support.AbstractContextLoader - Could not detect default resource locations for test class [com.djhu.service.IQueryDataServiceTest]: no resource found for suffixes {-context.xml, Context.groovy}.
2020-04-25 12:08:11.217 [main] INFO  o.s.b.t.context.SpringBootTestContextBootstrapper - Loaded default TestExecutionListener class names from location [META-INF/spring.factories]: [org.springframework.boot.test.mock.mockito.MockitoTestExecutionListener, org.springframework.boot.test.mock.mockito.ResetMocksTestExecutionListener, org.springframework.boot.test.autoconfigure.restdocs.RestDocsTestExecutionListener, org.springframework.boot.test.autoconfigure.web.client.MockRestServiceServerResetTestExecutionListener, org.springframework.boot.test.autoconfigure.web.servlet.MockMvcPrintOnlyOnFailureTestExecutionListener, org.springframework.boot.test.autoconfigure.web.servlet.WebDriverTestExecutionListener, org.springframework.test.context.web.ServletTestExecutionListener, org.springframework.test.context.support.DirtiesContextBeforeModesTestExecutionListener, org.springframework.test.context.support.DependencyInjectionTestExecutionListener, org.springframework.test.context.support.DirtiesContextTestExecutionListener, org.springframework.test.context.transaction.TransactionalTestExecutionListener, org.springframework.test.context.jdbc.SqlScriptsTestExecutionListener]
2020-04-25 12:08:11.287 [main] INFO  o.s.b.t.context.SpringBootTestContextBootstrapper - Using TestExecutionListeners: [org.springframework.test.context.web.ServletTestExecutionListener@5bfa9431, org.springframework.test.context.support.DirtiesContextBeforeModesTestExecutionListener@5db250b4, org.springframework.boot.test.autoconfigure.SpringBootDependencyInjectionTestExecutionListener@223f3642, org.springframework.test.context.support.DirtiesContextTestExecutionListener@38c5cc4c, org.springframework.test.context.transaction.TransactionalTestExecutionListener@37918c79, org.springframework.test.context.jdbc.SqlScriptsTestExecutionListener@78e94dcf, org.springframework.boot.test.mock.mockito.ResetMocksTestExecutionListener@233fe9b6, org.springframework.boot.test.autoconfigure.web.client.MockRestServiceServerResetTestExecutionListener@358ee631, org.springframework.boot.test.mock.mockito.MockitoTestExecutionListener@ec756bd, org.springframework.boot.test.autoconfigure.restdocs.RestDocsTestExecutionListener@3c72f59f, org.springframework.boot.test.autoconfigure.web.servlet.MockMvcPrintOnlyOnFailureTestExecutionListener@60dcc9fe, org.springframework.boot.test.autoconfigure.web.servlet.WebDriverTestExecutionListener@222114ba]
2020-04-25 12:08:13.016 [main] INFO  com.djhu.service.IQueryDataServiceTest - Starting IQueryDataServiceTest on MS-20170319BTGP with PID 11412 (started by Administrator in E:\workspace\souces\hiup-data-bridge)
2020-04-25 12:08:13.016 [main] INFO  com.djhu.service.IQueryDataServiceTest - No active profile set, falling back to default profiles: default
2020-04-25 12:08:13.114 [main] INFO  o.s.w.context.support.GenericWebApplicationContext - Refreshing org.springframework.web.context.support.GenericWebApplicationContext@7e5afaa6: startup date [Sat Apr 25 12:08:13 GMT+08:00 2020]; root of context hierarchy
2020-04-25 12:08:14.469 [background-preinit] INFO  org.hibernate.validator.internal.util.Version - HV000001: Hibernate Validator 5.3.4.Final
2020-04-25 12:08:17.630 [main] INFO  o.s.c.s.PostProcessorRegistrationDelegate$BeanPostProcessorChecker - Bean 'org.springframework.transaction.annotation.ProxyTransactionManagementConfiguration' of type [org.springframework.transaction.annotation.ProxyTransactionManagementConfiguration$$EnhancerBySpringCGLIB$$ffbadc3a] is not eligible for getting processed by all BeanPostProcessors (for example: not eligible for auto-proxying)
2020-04-25 12:08:33.539 [main] INFO  com.alibaba.druid.pool.DruidDataSource - {dataSource-1} inited
2020-04-25 12:08:35.565 [main] INFO  com.alibaba.druid.pool.DruidDataSource - {dataSource-2} inited
2020-04-25 12:08:39.303 [main] INFO  o.s.w.s.m.m.a.RequestMappingHandlerAdapter - Looking for @ControllerAdvice: org.springframework.web.context.support.GenericWebApplicationContext@7e5afaa6: startup date [Sat Apr 25 12:08:13 GMT+08:00 2020]; root of context hierarchy
2020-04-25 12:08:39.605 [main] INFO  o.s.w.s.m.m.a.RequestMappingHandlerMapping - Mapped "{[/data/query],methods=[POST],produces=[application/json;charset=UTF-8]}" onto public com.djhu.common.Result com.djhu.controller.ForeignDataController.query(com.djhu.entity.dto.UnifiedDto)
2020-04-25 12:08:39.610 [main] INFO  o.s.w.s.m.m.a.RequestMappingHandlerMapping - Mapped "{[/error]}" onto public org.springframework.http.ResponseEntity<java.util.Map<java.lang.String, java.lang.Object>> org.springframework.boot.autoconfigure.web.BasicErrorController.error(javax.servlet.http.HttpServletRequest)
2020-04-25 12:08:39.611 [main] INFO  o.s.w.s.m.m.a.RequestMappingHandlerMapping - Mapped "{[/error],produces=[text/html]}" onto public org.springframework.web.servlet.ModelAndView org.springframework.boot.autoconfigure.web.BasicErrorController.errorHtml(javax.servlet.http.HttpServletRequest,javax.servlet.http.HttpServletResponse)
2020-04-25 12:08:39.873 [main] INFO  o.s.web.servlet.handler.SimpleUrlHandlerMapping - Mapped URL path [/webjars/**] onto handler of type [class org.springframework.web.servlet.resource.ResourceHttpRequestHandler]
2020-04-25 12:08:39.873 [main] INFO  o.s.web.servlet.handler.SimpleUrlHandlerMapping - Mapped URL path [/**] onto handler of type [class org.springframework.web.servlet.resource.ResourceHttpRequestHandler]
2020-04-25 12:08:39.932 [main] INFO  o.s.w.s.m.m.a.ExceptionHandlerExceptionResolver - Detected @ExceptionHandler methods in commonControlAdvice
2020-04-25 12:08:40.047 [main] INFO  o.s.web.servlet.handler.SimpleUrlHandlerMapping - Mapped URL path [/**/favicon.ico] onto handler of type [class org.springframework.web.servlet.resource.ResourceHttpRequestHandler]
2020-04-25 12:08:41.610 [main] INFO  com.djhu.DataBridgeRunner - 项目启动成功!!!
2020-04-25 12:08:42.362 [main] INFO  com.djhu.service.IQueryDataServiceTest - Started IQueryDataServiceTest in 30.548 seconds (JVM running for 34.091)
2020-04-25 12:08:42.620 [Thread-2] INFO  o.s.w.context.support.GenericWebApplicationContext - Closing org.springframework.web.context.support.GenericWebApplicationContext@7e5afaa6: startup date [Sat Apr 25 12:08:13 GMT+08:00 2020]; root of context hierarchy
2020-04-25 12:08:42.676 [Thread-2] INFO  com.alibaba.druid.pool.DruidDataSource - {dataSource-1} closed
2020-04-25 12:08:42.690 [Thread-2] INFO  com.alibaba.druid.pool.DruidDataSource - {dataSource-2} closed
2020-04-25 12:10:34.768 [main] INFO  o.s.b.t.context.SpringBootTestContextBootstrapper - Neither @ContextConfiguration nor @ContextHierarchy found for test class [com.djhu.service.IQueryDataServiceTest], using SpringBootContextLoader
2020-04-25 12:10:34.786 [main] INFO  o.s.test.context.support.AbstractContextLoader - Could not detect default resource locations for test class [com.djhu.service.IQueryDataServiceTest]: no resource found for suffixes {-context.xml, Context.groovy}.
2020-04-25 12:10:34.966 [main] INFO  o.s.b.t.context.SpringBootTestContextBootstrapper - Loaded default TestExecutionListener class names from location [META-INF/spring.factories]: [org.springframework.boot.test.mock.mockito.MockitoTestExecutionListener, org.springframework.boot.test.mock.mockito.ResetMocksTestExecutionListener, org.springframework.boot.test.autoconfigure.restdocs.RestDocsTestExecutionListener, org.springframework.boot.test.autoconfigure.web.client.MockRestServiceServerResetTestExecutionListener, org.springframework.boot.test.autoconfigure.web.servlet.MockMvcPrintOnlyOnFailureTestExecutionListener, org.springframework.boot.test.autoconfigure.web.servlet.WebDriverTestExecutionListener, org.springframework.test.context.web.ServletTestExecutionListener, org.springframework.test.context.support.DirtiesContextBeforeModesTestExecutionListener, org.springframework.test.context.support.DependencyInjectionTestExecutionListener, org.springframework.test.context.support.DirtiesContextTestExecutionListener, org.springframework.test.context.transaction.TransactionalTestExecutionListener, org.springframework.test.context.jdbc.SqlScriptsTestExecutionListener]
2020-04-25 12:10:35.031 [main] INFO  o.s.b.t.context.SpringBootTestContextBootstrapper - Using TestExecutionListeners: [org.springframework.test.context.web.ServletTestExecutionListener@5bfa9431, org.springframework.test.context.support.DirtiesContextBeforeModesTestExecutionListener@5db250b4, org.springframework.boot.test.autoconfigure.SpringBootDependencyInjectionTestExecutionListener@223f3642, org.springframework.test.context.support.DirtiesContextTestExecutionListener@38c5cc4c, org.springframework.test.context.transaction.TransactionalTestExecutionListener@37918c79, org.springframework.test.context.jdbc.SqlScriptsTestExecutionListener@78e94dcf, org.springframework.boot.test.mock.mockito.ResetMocksTestExecutionListener@233fe9b6, org.springframework.boot.test.autoconfigure.web.client.MockRestServiceServerResetTestExecutionListener@358ee631, org.springframework.boot.test.mock.mockito.MockitoTestExecutionListener@ec756bd, org.springframework.boot.test.autoconfigure.restdocs.RestDocsTestExecutionListener@3c72f59f, org.springframework.boot.test.autoconfigure.web.servlet.MockMvcPrintOnlyOnFailureTestExecutionListener@60dcc9fe, org.springframework.boot.test.autoconfigure.web.servlet.WebDriverTestExecutionListener@222114ba]
2020-04-25 12:10:36.204 [main] INFO  com.djhu.service.IQueryDataServiceTest - Starting IQueryDataServiceTest on MS-20170319BTGP with PID 9356 (started by Administrator in E:\workspace\souces\hiup-data-bridge)
2020-04-25 12:10:36.206 [main] INFO  com.djhu.service.IQueryDataServiceTest - No active profile set, falling back to default profiles: default
2020-04-25 12:10:36.317 [main] INFO  o.s.w.context.support.GenericWebApplicationContext - Refreshing org.springframework.web.context.support.GenericWebApplicationContext@7e5afaa6: startup date [Sat Apr 25 12:10:36 GMT+08:00 2020]; root of context hierarchy
2020-04-25 12:10:37.516 [background-preinit] INFO  org.hibernate.validator.internal.util.Version - HV000001: Hibernate Validator 5.3.4.Final
2020-04-25 12:10:40.874 [main] INFO  o.s.c.s.PostProcessorRegistrationDelegate$BeanPostProcessorChecker - Bean 'org.springframework.transaction.annotation.ProxyTransactionManagementConfiguration' of type [org.springframework.transaction.annotation.ProxyTransactionManagementConfiguration$$EnhancerBySpringCGLIB$$a659b0f2] is not eligible for getting processed by all BeanPostProcessors (for example: not eligible for auto-proxying)
2020-04-25 12:10:50.554 [main] INFO  com.alibaba.druid.pool.DruidDataSource - {dataSource-1} inited
2020-04-25 12:10:51.579 [main] INFO  com.alibaba.druid.pool.DruidDataSource - {dataSource-2} inited
2020-04-25 12:10:54.840 [main] INFO  o.s.w.s.m.m.a.RequestMappingHandlerAdapter - Looking for @ControllerAdvice: org.springframework.web.context.support.GenericWebApplicationContext@7e5afaa6: startup date [Sat Apr 25 12:10:36 GMT+08:00 2020]; root of context hierarchy
2020-04-25 12:10:55.109 [main] INFO  o.s.w.s.m.m.a.RequestMappingHandlerMapping - Mapped "{[/data/query],methods=[POST],produces=[application/json;charset=UTF-8]}" onto public com.djhu.common.Result com.djhu.controller.ForeignDataController.query(com.djhu.entity.dto.UnifiedDto)
2020-04-25 12:10:55.123 [main] INFO  o.s.w.s.m.m.a.RequestMappingHandlerMapping - Mapped "{[/error]}" onto public org.springframework.http.ResponseEntity<java.util.Map<java.lang.String, java.lang.Object>> org.springframework.boot.autoconfigure.web.BasicErrorController.error(javax.servlet.http.HttpServletRequest)
2020-04-25 12:10:55.123 [main] INFO  o.s.w.s.m.m.a.RequestMappingHandlerMapping - Mapped "{[/error],produces=[text/html]}" onto public org.springframework.web.servlet.ModelAndView org.springframework.boot.autoconfigure.web.BasicErrorController.errorHtml(javax.servlet.http.HttpServletRequest,javax.servlet.http.HttpServletResponse)
2020-04-25 12:10:55.328 [main] INFO  o.s.web.servlet.handler.SimpleUrlHandlerMapping - Mapped URL path [/webjars/**] onto handler of type [class org.springframework.web.servlet.resource.ResourceHttpRequestHandler]
2020-04-25 12:10:55.329 [main] INFO  o.s.web.servlet.handler.SimpleUrlHandlerMapping - Mapped URL path [/**] onto handler of type [class org.springframework.web.servlet.resource.ResourceHttpRequestHandler]
2020-04-25 12:10:55.400 [main] INFO  o.s.w.s.m.m.a.ExceptionHandlerExceptionResolver - Detected @ExceptionHandler methods in commonControlAdvice
2020-04-25 12:10:55.505 [main] INFO  o.s.web.servlet.handler.SimpleUrlHandlerMapping - Mapped URL path [/**/favicon.ico] onto handler of type [class org.springframework.web.servlet.resource.ResourceHttpRequestHandler]
2020-04-25 12:10:57.075 [main] INFO  com.djhu.DataBridgeRunner - 项目启动成功!!!
2020-04-25 12:10:57.574 [main] INFO  com.djhu.service.IQueryDataServiceTest - Started IQueryDataServiceTest in 22.274 seconds (JVM running for 24.433)
2020-04-25 12:10:57.783 [Thread-2] INFO  o.s.w.context.support.GenericWebApplicationContext - Closing org.springframework.web.context.support.GenericWebApplicationContext@7e5afaa6: startup date [Sat Apr 25 12:10:36 GMT+08:00 2020]; root of context hierarchy
2020-04-25 12:10:57.805 [Thread-2] INFO  com.alibaba.druid.pool.DruidDataSource - {dataSource-1} closed
2020-04-25 12:10:57.821 [Thread-2] INFO  com.alibaba.druid.pool.DruidDataSource - {dataSource-2} closed
2020-04-25 12:16:54.377 [main] INFO  o.s.b.t.context.SpringBootTestContextBootstrapper - Neither @ContextConfiguration nor @ContextHierarchy found for test class [com.djhu.service.ITbDbPurchaserServiceTest], using SpringBootContextLoader
2020-04-25 12:16:54.398 [main] INFO  o.s.test.context.support.AbstractContextLoader - Could not detect default resource locations for test class [com.djhu.service.ITbDbPurchaserServiceTest]: no resource found for suffixes {-context.xml, Context.groovy}.
2020-04-25 12:16:54.642 [main] INFO  o.s.b.t.context.SpringBootTestContextBootstrapper - Loaded default TestExecutionListener class names from location [META-INF/spring.factories]: [org.springframework.boot.test.mock.mockito.MockitoTestExecutionListener, org.springframework.boot.test.mock.mockito.ResetMocksTestExecutionListener, org.springframework.boot.test.autoconfigure.restdocs.RestDocsTestExecutionListener, org.springframework.boot.test.autoconfigure.web.client.MockRestServiceServerResetTestExecutionListener, org.springframework.boot.test.autoconfigure.web.servlet.MockMvcPrintOnlyOnFailureTestExecutionListener, org.springframework.boot.test.autoconfigure.web.servlet.WebDriverTestExecutionListener, org.springframework.test.context.web.ServletTestExecutionListener, org.springframework.test.context.support.DirtiesContextBeforeModesTestExecutionListener, org.springframework.test.context.support.DependencyInjectionTestExecutionListener, org.springframework.test.context.support.DirtiesContextTestExecutionListener, org.springframework.test.context.transaction.TransactionalTestExecutionListener, org.springframework.test.context.jdbc.SqlScriptsTestExecutionListener]
2020-04-25 12:16:54.744 [main] INFO  o.s.b.t.context.SpringBootTestContextBootstrapper - Using TestExecutionListeners: [org.springframework.test.context.web.ServletTestExecutionListener@7d3e8655, org.springframework.test.context.support.DirtiesContextBeforeModesTestExecutionListener@7dfb0c0f, org.springframework.boot.test.autoconfigure.SpringBootDependencyInjectionTestExecutionListener@626abbd0, org.springframework.test.context.support.DirtiesContextTestExecutionListener@169bb4dd, org.springframework.test.context.transaction.TransactionalTestExecutionListener@1f9e9475, org.springframework.test.context.jdbc.SqlScriptsTestExecutionListener@3aa078fd, org.springframework.boot.test.autoconfigure.web.servlet.WebDriverTestExecutionListener@d23e042, org.springframework.boot.test.autoconfigure.restdocs.RestDocsTestExecutionListener@46d59067, org.springframework.boot.test.mock.mockito.ResetMocksTestExecutionListener@2d0399f4, org.springframework.boot.test.mock.mockito.MockitoTestExecutionListener@14dd7b39, org.springframework.boot.test.autoconfigure.web.servlet.MockMvcPrintOnlyOnFailureTestExecutionListener@66ea810, org.springframework.boot.test.autoconfigure.web.client.MockRestServiceServerResetTestExecutionListener@6cd24612]
2020-04-25 12:16:55.816 [main] INFO  com.djhu.service.ITbDbPurchaserServiceTest - Starting ITbDbPurchaserServiceTest on MS-20170319BTGP with PID 12096 (started by Administrator in E:\workspace\souces\hiup-data-bridge)
2020-04-25 12:16:55.817 [main] INFO  com.djhu.service.ITbDbPurchaserServiceTest - No active profile set, falling back to default profiles: default
2020-04-25 12:16:55.921 [main] INFO  o.s.w.context.support.GenericWebApplicationContext - Refreshing org.springframework.web.context.support.GenericWebApplicationContext@54e22bdd: startup date [Sat Apr 25 12:16:55 GMT+08:00 2020]; root of context hierarchy
2020-04-25 12:16:56.923 [background-preinit] INFO  org.hibernate.validator.internal.util.Version - HV000001: Hibernate Validator 5.3.4.Final
2020-04-25 12:16:59.876 [main] INFO  o.s.c.s.PostProcessorRegistrationDelegate$BeanPostProcessorChecker - Bean 'org.springframework.transaction.annotation.ProxyTransactionManagementConfiguration' of type [org.springframework.transaction.annotation.ProxyTransactionManagementConfiguration$$EnhancerBySpringCGLIB$$6687d0a8] is not eligible for getting processed by all BeanPostProcessors (for example: not eligible for auto-proxying)
2020-04-25 12:17:10.786 [main] INFO  com.alibaba.druid.pool.DruidDataSource - {dataSource-1} inited
2020-04-25 12:17:11.838 [main] INFO  com.alibaba.druid.pool.DruidDataSource - {dataSource-2} inited
2020-04-25 12:17:15.141 [main] INFO  o.s.w.s.m.m.a.RequestMappingHandlerAdapter - Looking for @ControllerAdvice: org.springframework.web.context.support.GenericWebApplicationContext@54e22bdd: startup date [Sat Apr 25 12:16:55 GMT+08:00 2020]; root of context hierarchy
2020-04-25 12:17:15.552 [main] INFO  o.s.w.s.m.m.a.RequestMappingHandlerMapping - Mapped "{[/data/query],methods=[POST],produces=[application/json;charset=UTF-8]}" onto public com.djhu.common.Result com.djhu.controller.ForeignDataController.query(com.djhu.entity.dto.UnifiedDto)
2020-04-25 12:17:15.558 [main] INFO  o.s.w.s.m.m.a.RequestMappingHandlerMapping - Mapped "{[/error]}" onto public org.springframework.http.ResponseEntity<java.util.Map<java.lang.String, java.lang.Object>> org.springframework.boot.autoconfigure.web.BasicErrorController.error(javax.servlet.http.HttpServletRequest)
2020-04-25 12:17:15.559 [main] INFO  o.s.w.s.m.m.a.RequestMappingHandlerMapping - Mapped "{[/error],produces=[text/html]}" onto public org.springframework.web.servlet.ModelAndView org.springframework.boot.autoconfigure.web.BasicErrorController.errorHtml(javax.servlet.http.HttpServletRequest,javax.servlet.http.HttpServletResponse)
2020-04-25 12:17:15.796 [main] INFO  o.s.web.servlet.handler.SimpleUrlHandlerMapping - Mapped URL path [/webjars/**] onto handler of type [class org.springframework.web.servlet.resource.ResourceHttpRequestHandler]
2020-04-25 12:17:15.797 [main] INFO  o.s.web.servlet.handler.SimpleUrlHandlerMapping - Mapped URL path [/**] onto handler of type [class org.springframework.web.servlet.resource.ResourceHttpRequestHandler]
2020-04-25 12:17:15.872 [main] INFO  o.s.w.s.m.m.a.ExceptionHandlerExceptionResolver - Detected @ExceptionHandler methods in commonControlAdvice
2020-04-25 12:17:15.998 [main] INFO  o.s.web.servlet.handler.SimpleUrlHandlerMapping - Mapped URL path [/**/favicon.ico] onto handler of type [class org.springframework.web.servlet.resource.ResourceHttpRequestHandler]
2020-04-25 12:17:17.938 [main] INFO  com.djhu.DataBridgeRunner - 项目启动成功!!!
2020-04-25 12:17:18.416 [main] INFO  com.djhu.service.ITbDbPurchaserServiceTest - Started ITbDbPurchaserServiceTest in 23.383 seconds (JVM running for 28.56)
2020-04-25 12:17:18.805 [Thread-2] INFO  o.s.w.context.support.GenericWebApplicationContext - Closing org.springframework.web.context.support.GenericWebApplicationContext@54e22bdd: startup date [Sat Apr 25 12:16:55 GMT+08:00 2020]; root of context hierarchy
2020-04-25 12:17:18.842 [Thread-2] INFO  com.alibaba.druid.pool.DruidDataSource - {dataSource-1} closed
2020-04-25 12:17:18.855 [Thread-2] INFO  com.alibaba.druid.pool.DruidDataSource - {dataSource-2} closed
2020-04-25 12:17:42.489 [main] INFO  o.s.b.t.context.SpringBootTestContextBootstrapper - Neither @ContextConfiguration nor @ContextHierarchy found for test class [com.djhu.service.ITbDbPurchaserServiceTest], using SpringBootContextLoader
2020-04-25 12:17:42.517 [main] INFO  o.s.test.context.support.AbstractContextLoader - Could not detect default resource locations for test class [com.djhu.service.ITbDbPurchaserServiceTest]: no resource found for suffixes {-context.xml, Context.groovy}.
2020-04-25 12:17:42.754 [main] INFO  o.s.b.t.context.SpringBootTestContextBootstrapper - Loaded default TestExecutionListener class names from location [META-INF/spring.factories]: [org.springframework.boot.test.mock.mockito.MockitoTestExecutionListener, org.springframework.boot.test.mock.mockito.ResetMocksTestExecutionListener, org.springframework.boot.test.autoconfigure.restdocs.RestDocsTestExecutionListener, org.springframework.boot.test.autoconfigure.web.client.MockRestServiceServerResetTestExecutionListener, org.springframework.boot.test.autoconfigure.web.servlet.MockMvcPrintOnlyOnFailureTestExecutionListener, org.springframework.boot.test.autoconfigure.web.servlet.WebDriverTestExecutionListener, org.springframework.test.context.web.ServletTestExecutionListener, org.springframework.test.context.support.DirtiesContextBeforeModesTestExecutionListener, org.springframework.test.context.support.DependencyInjectionTestExecutionListener, org.springframework.test.context.support.DirtiesContextTestExecutionListener, org.springframework.test.context.transaction.TransactionalTestExecutionListener, org.springframework.test.context.jdbc.SqlScriptsTestExecutionListener]
2020-04-25 12:17:42.804 [main] INFO  o.s.b.t.context.SpringBootTestContextBootstrapper - Using TestExecutionListeners: [org.springframework.test.context.web.ServletTestExecutionListener@358ee631, org.springframework.test.context.support.DirtiesContextBeforeModesTestExecutionListener@ec756bd, org.springframework.boot.test.autoconfigure.SpringBootDependencyInjectionTestExecutionListener@3c72f59f, org.springframework.test.context.support.DirtiesContextTestExecutionListener@60dcc9fe, org.springframework.test.context.transaction.TransactionalTestExecutionListener@222114ba, org.springframework.test.context.jdbc.SqlScriptsTestExecutionListener@16e7dcfd, org.springframework.boot.test.autoconfigure.web.servlet.MockMvcPrintOnlyOnFailureTestExecutionListener@3d121db3, org.springframework.boot.test.mock.mockito.ResetMocksTestExecutionListener@3b07a0d6, org.springframework.boot.test.autoconfigure.web.client.MockRestServiceServerResetTestExecutionListener@11a9e7c8, org.springframework.boot.test.mock.mockito.MockitoTestExecutionListener@3901d134, org.springframework.boot.test.autoconfigure.restdocs.RestDocsTestExecutionListener@14d3bc22, org.springframework.boot.test.autoconfigure.web.servlet.WebDriverTestExecutionListener@12d4bf7e]
2020-04-25 12:17:43.824 [main] INFO  com.djhu.service.ITbDbPurchaserServiceTest - Starting ITbDbPurchaserServiceTest on MS-20170319BTGP with PID 8160 (started by Administrator in E:\workspace\souces\hiup-data-bridge)
2020-04-25 12:17:43.825 [main] INFO  com.djhu.service.ITbDbPurchaserServiceTest - No active profile set, falling back to default profiles: default
2020-04-25 12:17:44.072 [main] INFO  o.s.w.context.support.GenericWebApplicationContext - Refreshing org.springframework.web.context.support.GenericWebApplicationContext@57d7f8ca: startup date [Sat Apr 25 12:17:44 GMT+08:00 2020]; root of context hierarchy
2020-04-25 12:17:45.322 [background-preinit] INFO  org.hibernate.validator.internal.util.Version - HV000001: Hibernate Validator 5.3.4.Final
2020-04-25 12:17:48.747 [main] INFO  o.s.c.s.PostProcessorRegistrationDelegate$BeanPostProcessorChecker - Bean 'org.springframework.transaction.annotation.ProxyTransactionManagementConfiguration' of type [org.springframework.transaction.annotation.ProxyTransactionManagementConfiguration$$EnhancerBySpringCGLIB$$ea07eed1] is not eligible for getting processed by all BeanPostProcessors (for example: not eligible for auto-proxying)
2020-04-25 12:17:58.642 [main] INFO  com.alibaba.druid.pool.DruidDataSource - {dataSource-1} inited
2020-04-25 12:17:59.622 [main] INFO  com.alibaba.druid.pool.DruidDataSource - {dataSource-2} inited
2020-04-25 12:18:03.038 [main] INFO  o.s.w.s.m.m.a.RequestMappingHandlerAdapter - Looking for @ControllerAdvice: org.springframework.web.context.support.GenericWebApplicationContext@57d7f8ca: startup date [Sat Apr 25 12:17:44 GMT+08:00 2020]; root of context hierarchy
2020-04-25 12:18:03.413 [main] INFO  o.s.w.s.m.m.a.RequestMappingHandlerMapping - Mapped "{[/data/query],methods=[POST],produces=[application/json;charset=UTF-8]}" onto public com.djhu.common.Result com.djhu.controller.ForeignDataController.query(com.djhu.entity.dto.UnifiedDto)
2020-04-25 12:18:03.417 [main] INFO  o.s.w.s.m.m.a.RequestMappingHandlerMapping - Mapped "{[/error]}" onto public org.springframework.http.ResponseEntity<java.util.Map<java.lang.String, java.lang.Object>> org.springframework.boot.autoconfigure.web.BasicErrorController.error(javax.servlet.http.HttpServletRequest)
2020-04-25 12:18:03.419 [main] INFO  o.s.w.s.m.m.a.RequestMappingHandlerMapping - Mapped "{[/error],produces=[text/html]}" onto public org.springframework.web.servlet.ModelAndView org.springframework.boot.autoconfigure.web.BasicErrorController.errorHtml(javax.servlet.http.HttpServletRequest,javax.servlet.http.HttpServletResponse)
2020-04-25 12:18:03.634 [main] INFO  o.s.web.servlet.handler.SimpleUrlHandlerMapping - Mapped URL path [/webjars/**] onto handler of type [class org.springframework.web.servlet.resource.ResourceHttpRequestHandler]
2020-04-25 12:18:03.643 [main] INFO  o.s.web.servlet.handler.SimpleUrlHandlerMapping - Mapped URL path [/**] onto handler of type [class org.springframework.web.servlet.resource.ResourceHttpRequestHandler]
2020-04-25 12:18:03.710 [main] INFO  o.s.w.s.m.m.a.ExceptionHandlerExceptionResolver - Detected @ExceptionHandler methods in commonControlAdvice
2020-04-25 12:18:03.814 [main] INFO  o.s.web.servlet.handler.SimpleUrlHandlerMapping - Mapped URL path [/**/favicon.ico] onto handler of type [class org.springframework.web.servlet.resource.ResourceHttpRequestHandler]
2020-04-25 12:18:05.143 [main] INFO  com.djhu.DataBridgeRunner - 项目启动成功!!!
2020-04-25 12:18:05.629 [main] INFO  com.djhu.service.ITbDbPurchaserServiceTest - Started ITbDbPurchaserServiceTest in 22.54 seconds (JVM running for 25.201)
2020-04-25 12:18:05.776 [main] INFO  com.djhu.service.ITbDbPurchaserServiceTest - tbDbPurchaser is 'null'
2020-04-25 12:18:05.791 [Thread-2] INFO  o.s.w.context.support.GenericWebApplicationContext - Closing org.springframework.web.context.support.GenericWebApplicationContext@57d7f8ca: startup date [Sat Apr 25 12:17:44 GMT+08:00 2020]; root of context hierarchy
2020-04-25 12:18:05.830 [Thread-2] INFO  com.alibaba.druid.pool.DruidDataSource - {dataSource-1} closed
2020-04-25 12:18:05.843 [Thread-2] INFO  com.alibaba.druid.pool.DruidDataSource - {dataSource-2} closed
2020-04-25 12:20:13.781 [main] INFO  o.s.b.t.context.SpringBootTestContextBootstrapper - Neither @ContextConfiguration nor @ContextHierarchy found for test class [com.djhu.service.IQueryDataServiceTest], using SpringBootContextLoader
2020-04-25 12:20:13.799 [main] INFO  o.s.test.context.support.AbstractContextLoader - Could not detect default resource locations for test class [com.djhu.service.IQueryDataServiceTest]: no resource found for suffixes {-context.xml, Context.groovy}.
2020-04-25 12:20:13.954 [main] INFO  o.s.b.t.context.SpringBootTestContextBootstrapper - Loaded default TestExecutionListener class names from location [META-INF/spring.factories]: [org.springframework.boot.test.mock.mockito.MockitoTestExecutionListener, org.springframework.boot.test.mock.mockito.ResetMocksTestExecutionListener, org.springframework.boot.test.autoconfigure.restdocs.RestDocsTestExecutionListener, org.springframework.boot.test.autoconfigure.web.client.MockRestServiceServerResetTestExecutionListener, org.springframework.boot.test.autoconfigure.web.servlet.MockMvcPrintOnlyOnFailureTestExecutionListener, org.springframework.boot.test.autoconfigure.web.servlet.WebDriverTestExecutionListener, org.springframework.test.context.web.ServletTestExecutionListener, org.springframework.test.context.support.DirtiesContextBeforeModesTestExecutionListener, org.springframework.test.context.support.DependencyInjectionTestExecutionListener, org.springframework.test.context.support.DirtiesContextTestExecutionListener, org.springframework.test.context.transaction.TransactionalTestExecutionListener, org.springframework.test.context.jdbc.SqlScriptsTestExecutionListener]
2020-04-25 12:20:14.003 [main] INFO  o.s.b.t.context.SpringBootTestContextBootstrapper - Using TestExecutionListeners: [org.springframework.test.context.web.ServletTestExecutionListener@5bfa9431, org.springframework.test.context.support.DirtiesContextBeforeModesTestExecutionListener@5db250b4, org.springframework.boot.test.autoconfigure.SpringBootDependencyInjectionTestExecutionListener@223f3642, org.springframework.test.context.support.DirtiesContextTestExecutionListener@38c5cc4c, org.springframework.test.context.transaction.TransactionalTestExecutionListener@37918c79, org.springframework.test.context.jdbc.SqlScriptsTestExecutionListener@78e94dcf, org.springframework.boot.test.mock.mockito.ResetMocksTestExecutionListener@233fe9b6, org.springframework.boot.test.autoconfigure.web.client.MockRestServiceServerResetTestExecutionListener@358ee631, org.springframework.boot.test.mock.mockito.MockitoTestExecutionListener@ec756bd, org.springframework.boot.test.autoconfigure.restdocs.RestDocsTestExecutionListener@3c72f59f, org.springframework.boot.test.autoconfigure.web.servlet.MockMvcPrintOnlyOnFailureTestExecutionListener@60dcc9fe, org.springframework.boot.test.autoconfigure.web.servlet.WebDriverTestExecutionListener@222114ba]
2020-04-25 12:20:14.894 [main] INFO  com.djhu.service.IQueryDataServiceTest - Starting IQueryDataServiceTest on MS-20170319BTGP with PID 9476 (started by Administrator in E:\workspace\souces\hiup-data-bridge)
2020-04-25 12:20:14.900 [main] INFO  com.djhu.service.IQueryDataServiceTest - No active profile set, falling back to default profiles: default
2020-04-25 12:20:15.108 [main] INFO  o.s.w.context.support.GenericWebApplicationContext - Refreshing org.springframework.web.context.support.GenericWebApplicationContext@7e5afaa6: startup date [Sat Apr 25 12:20:15 GMT+08:00 2020]; root of context hierarchy
2020-04-25 12:20:16.562 [background-preinit] INFO  org.hibernate.validator.internal.util.Version - HV000001: Hibernate Validator 5.3.4.Final
2020-04-25 12:20:19.197 [main] INFO  o.s.c.s.PostProcessorRegistrationDelegate$BeanPostProcessorChecker - Bean 'org.springframework.transaction.annotation.ProxyTransactionManagementConfiguration' of type [org.springframework.transaction.annotation.ProxyTransactionManagementConfiguration$$EnhancerBySpringCGLIB$$a3a62d80] is not eligible for getting processed by all BeanPostProcessors (for example: not eligible for auto-proxying)
2020-04-25 12:20:28.832 [main] INFO  com.alibaba.druid.pool.DruidDataSource - {dataSource-1} inited
2020-04-25 12:20:29.865 [main] INFO  com.alibaba.druid.pool.DruidDataSource - {dataSource-2} inited
2020-04-25 12:20:33.386 [main] INFO  o.s.w.s.m.m.a.RequestMappingHandlerAdapter - Looking for @ControllerAdvice: org.springframework.web.context.support.GenericWebApplicationContext@7e5afaa6: startup date [Sat Apr 25 12:20:15 GMT+08:00 2020]; root of context hierarchy
2020-04-25 12:20:33.714 [main] INFO  o.s.w.s.m.m.a.RequestMappingHandlerMapping - Mapped "{[/data/query],methods=[POST],produces=[application/json;charset=UTF-8]}" onto public com.djhu.common.Result com.djhu.controller.ForeignDataController.query(com.djhu.entity.dto.UnifiedDto)
2020-04-25 12:20:33.719 [main] INFO  o.s.w.s.m.m.a.RequestMappingHandlerMapping - Mapped "{[/error]}" onto public org.springframework.http.ResponseEntity<java.util.Map<java.lang.String, java.lang.Object>> org.springframework.boot.autoconfigure.web.BasicErrorController.error(javax.servlet.http.HttpServletRequest)
2020-04-25 12:20:33.720 [main] INFO  o.s.w.s.m.m.a.RequestMappingHandlerMapping - Mapped "{[/error],produces=[text/html]}" onto public org.springframework.web.servlet.ModelAndView org.springframework.boot.autoconfigure.web.BasicErrorController.errorHtml(javax.servlet.http.HttpServletRequest,javax.servlet.http.HttpServletResponse)
2020-04-25 12:20:33.964 [main] INFO  o.s.web.servlet.handler.SimpleUrlHandlerMapping - Mapped URL path [/webjars/**] onto handler of type [class org.springframework.web.servlet.resource.ResourceHttpRequestHandler]
2020-04-25 12:20:33.965 [main] INFO  o.s.web.servlet.handler.SimpleUrlHandlerMapping - Mapped URL path [/**] onto handler of type [class org.springframework.web.servlet.resource.ResourceHttpRequestHandler]
2020-04-25 12:20:34.025 [main] INFO  o.s.w.s.m.m.a.ExceptionHandlerExceptionResolver - Detected @ExceptionHandler methods in commonControlAdvice
2020-04-25 12:20:34.133 [main] INFO  o.s.web.servlet.handler.SimpleUrlHandlerMapping - Mapped URL path [/**/favicon.ico] onto handler of type [class org.springframework.web.servlet.resource.ResourceHttpRequestHandler]
2020-04-25 12:20:35.638 [main] INFO  com.djhu.DataBridgeRunner - 项目启动成功!!!
2020-04-25 12:20:36.087 [main] INFO  com.djhu.service.IQueryDataServiceTest - Started IQueryDataServiceTest in 21.841 seconds (JVM running for 23.993)
2020-04-25 12:20:36.390 [Thread-2] INFO  o.s.w.context.support.GenericWebApplicationContext - Closing org.springframework.web.context.support.GenericWebApplicationContext@7e5afaa6: startup date [Sat Apr 25 12:20:15 GMT+08:00 2020]; root of context hierarchy
2020-04-25 12:20:36.423 [Thread-2] INFO  com.alibaba.druid.pool.DruidDataSource - {dataSource-1} closed
2020-04-25 12:20:36.444 [Thread-2] INFO  com.alibaba.druid.pool.DruidDataSource - {dataSource-2} closed
2020-04-25 12:21:34.543 [main] INFO  o.s.b.t.context.SpringBootTestContextBootstrapper - Neither @ContextConfiguration nor @ContextHierarchy found for test class [com.djhu.service.IQueryDataServiceTest], using SpringBootContextLoader
2020-04-25 12:21:34.562 [main] INFO  o.s.test.context.support.AbstractContextLoader - Could not detect default resource locations for test class [com.djhu.service.IQueryDataServiceTest]: no resource found for suffixes {-context.xml, Context.groovy}.
2020-04-25 12:21:34.742 [main] INFO  o.s.b.t.context.SpringBootTestContextBootstrapper - Loaded default TestExecutionListener class names from location [META-INF/spring.factories]: [org.springframework.boot.test.mock.mockito.MockitoTestExecutionListener, org.springframework.boot.test.mock.mockito.ResetMocksTestExecutionListener, org.springframework.boot.test.autoconfigure.restdocs.RestDocsTestExecutionListener, org.springframework.boot.test.autoconfigure.web.client.MockRestServiceServerResetTestExecutionListener, org.springframework.boot.test.autoconfigure.web.servlet.MockMvcPrintOnlyOnFailureTestExecutionListener, org.springframework.boot.test.autoconfigure.web.servlet.WebDriverTestExecutionListener, org.springframework.test.context.web.ServletTestExecutionListener, org.springframework.test.context.support.DirtiesContextBeforeModesTestExecutionListener, org.springframework.test.context.support.DependencyInjectionTestExecutionListener, org.springframework.test.context.support.DirtiesContextTestExecutionListener, org.springframework.test.context.transaction.TransactionalTestExecutionListener, org.springframework.test.context.jdbc.SqlScriptsTestExecutionListener]
2020-04-25 12:21:34.788 [main] INFO  o.s.b.t.context.SpringBootTestContextBootstrapper - Using TestExecutionListeners: [org.springframework.test.context.web.ServletTestExecutionListener@5bfa9431, org.springframework.test.context.support.DirtiesContextBeforeModesTestExecutionListener@5db250b4, org.springframework.boot.test.autoconfigure.SpringBootDependencyInjectionTestExecutionListener@223f3642, org.springframework.test.context.support.DirtiesContextTestExecutionListener@38c5cc4c, org.springframework.test.context.transaction.TransactionalTestExecutionListener@37918c79, org.springframework.test.context.jdbc.SqlScriptsTestExecutionListener@78e94dcf, org.springframework.boot.test.mock.mockito.ResetMocksTestExecutionListener@233fe9b6, org.springframework.boot.test.autoconfigure.web.client.MockRestServiceServerResetTestExecutionListener@358ee631, org.springframework.boot.test.mock.mockito.MockitoTestExecutionListener@ec756bd, org.springframework.boot.test.autoconfigure.restdocs.RestDocsTestExecutionListener@3c72f59f, org.springframework.boot.test.autoconfigure.web.servlet.MockMvcPrintOnlyOnFailureTestExecutionListener@60dcc9fe, org.springframework.boot.test.autoconfigure.web.servlet.WebDriverTestExecutionListener@222114ba]
2020-04-25 12:21:35.829 [main] INFO  com.djhu.service.IQueryDataServiceTest - Starting IQueryDataServiceTest on MS-20170319BTGP with PID 6752 (started by Administrator in E:\workspace\souces\hiup-data-bridge)
2020-04-25 12:21:35.830 [main] INFO  com.djhu.service.IQueryDataServiceTest - No active profile set, falling back to default profiles: default
2020-04-25 12:21:35.905 [main] INFO  o.s.w.context.support.GenericWebApplicationContext - Refreshing org.springframework.web.context.support.GenericWebApplicationContext@7e5afaa6: startup date [Sat Apr 25 12:21:35 GMT+08:00 2020]; root of context hierarchy
2020-04-25 12:21:36.902 [background-preinit] INFO  org.hibernate.validator.internal.util.Version - HV000001: Hibernate Validator 5.3.4.Final
2020-04-25 12:21:40.004 [main] INFO  o.s.c.s.PostProcessorRegistrationDelegate$BeanPostProcessorChecker - Bean 'org.springframework.transaction.annotation.ProxyTransactionManagementConfiguration' of type [org.springframework.transaction.annotation.ProxyTransactionManagementConfiguration$$EnhancerBySpringCGLIB$$3f2709c8] is not eligible for getting processed by all BeanPostProcessors (for example: not eligible for auto-proxying)
2020-04-25 12:21:50.641 [main] INFO  com.alibaba.druid.pool.DruidDataSource - {dataSource-1} inited
2020-04-25 12:21:51.615 [main] INFO  com.alibaba.druid.pool.DruidDataSource - {dataSource-2} inited
2020-04-25 12:21:55.033 [main] INFO  o.s.w.s.m.m.a.RequestMappingHandlerAdapter - Looking for @ControllerAdvice: org.springframework.web.context.support.GenericWebApplicationContext@7e5afaa6: startup date [Sat Apr 25 12:21:35 GMT+08:00 2020]; root of context hierarchy
2020-04-25 12:21:55.266 [main] INFO  o.s.w.s.m.m.a.RequestMappingHandlerMapping - Mapped "{[/data/query],methods=[POST],produces=[application/json;charset=UTF-8]}" onto public com.djhu.common.Result com.djhu.controller.ForeignDataController.query(com.djhu.entity.dto.UnifiedDto)
2020-04-25 12:21:55.272 [main] INFO  o.s.w.s.m.m.a.RequestMappingHandlerMapping - Mapped "{[/error]}" onto public org.springframework.http.ResponseEntity<java.util.Map<java.lang.String, java.lang.Object>> org.springframework.boot.autoconfigure.web.BasicErrorController.error(javax.servlet.http.HttpServletRequest)
2020-04-25 12:21:55.272 [main] INFO  o.s.w.s.m.m.a.RequestMappingHandlerMapping - Mapped "{[/error],produces=[text/html]}" onto public org.springframework.web.servlet.ModelAndView org.springframework.boot.autoconfigure.web.BasicErrorController.errorHtml(javax.servlet.http.HttpServletRequest,javax.servlet.http.HttpServletResponse)
2020-04-25 12:21:55.471 [main] INFO  o.s.web.servlet.handler.SimpleUrlHandlerMapping - Mapped URL path [/webjars/**] onto handler of type [class org.springframework.web.servlet.resource.ResourceHttpRequestHandler]
2020-04-25 12:21:55.472 [main] INFO  o.s.web.servlet.handler.SimpleUrlHandlerMapping - Mapped URL path [/**] onto handler of type [class org.springframework.web.servlet.resource.ResourceHttpRequestHandler]
2020-04-25 12:21:55.531 [main] INFO  o.s.w.s.m.m.a.ExceptionHandlerExceptionResolver - Detected @ExceptionHandler methods in commonControlAdvice
2020-04-25 12:21:55.647 [main] INFO  o.s.web.servlet.handler.SimpleUrlHandlerMapping - Mapped URL path [/**/favicon.ico] onto handler of type [class org.springframework.web.servlet.resource.ResourceHttpRequestHandler]
2020-04-25 12:21:57.221 [main] INFO  com.djhu.DataBridgeRunner - 项目启动成功!!!
2020-04-25 12:21:57.762 [main] INFO  com.djhu.service.IQueryDataServiceTest - Started IQueryDataServiceTest in 22.739 seconds (JVM running for 24.876)
2020-04-25 12:21:57.909 [Thread-2] INFO  o.s.w.context.support.GenericWebApplicationContext - Closing org.springframework.web.context.support.GenericWebApplicationContext@7e5afaa6: startup date [Sat Apr 25 12:21:35 GMT+08:00 2020]; root of context hierarchy
2020-04-25 12:21:57.930 [Thread-2] INFO  com.alibaba.druid.pool.DruidDataSource - {dataSource-1} closed
2020-04-25 12:21:57.958 [Thread-2] INFO  com.alibaba.druid.pool.DruidDataSource - {dataSource-2} closed
